
ROM used:   771/8192 (9%)
            771/8192 (9%) including unused fragments

            0.6 Average locations per line
            5.1 Average locations per statement

RAM used:   7/368 (2%) at main() level
            22/368 (6%) worst case

Stack used: 5 worst case (5 in main + 0 for interrupts)
Stack size: 8

Lines Stmts  %   Files
----- ----- ---  -----
  103    51  34  main.c
   11     0   0  main.h
  672     0   0  C:\Program Files (x86)\PICC\Devices\16F877A.h
  456   100  66  C:\Program Files (x86)\PICC\Drivers\lcd.c
----- -----
 1242   151 Total

Page ROM  %  RAM    Vol Diff  Functions:
---- --- --- ---    --- ----  ----------
0     21   3    1             @delay_ms1
 Inline         3    760  4.5  lcd_read_byte
0     49   6    2    262  3.7  lcd_read_nibble
0     43   6    1    399  2.4  lcd_send_nibble
0     92  12    3    415  3.7  lcd_send_byte
0     70   9    6    852  6.2  lcd_init
0     18   2    4    208  6.3  lcd_gotoxy
0     44   6    1    354  4.7  lcd_putc
0     43   6    1    247  4.3  spdemduoc
0      9   1    0             @const662
0     87  11    5             @PSTRINGCN7_648
0     21   3    3             @DIV88
0     53   7    2             @PRINTF_U_648
0     70   9    1    564  5.6  gioihansp
0      9   1    0             @const671
0      6   1    0     32  1.0  chuongtrinhngat
0     43   6    0    263  2.6  MAIN
0      1   0    0             @const675
0     88  11    4             @PSTRINGC7_648
 Inline         0             @cinit1

Program metrics:
    Functions               11
    Statements              151
    Comments                222
    Volume (V)              6937
    Difficulty (D)          44.1
    Effort to implement (E) 305681
    Time to implement (T)   4 hours, 43 minutes
    Est Delivered Bugs (B)  2
    Cyclomatic Complexity   16
    Maintainability (MI)    126

 Segment     Used  Free
-----------  ----  ----
00000-00003     4  0  
00004-007FF   767  1277  
00800-00FFF     0  2048  
01000-017FF     0  2048  
01800-01FFF     0  2048  



